<?xml version="1.0" encoding="UTF-8"?>
<!-- Generated by org.testng.reporters.JUnitReportReporter -->
<testsuite hostname="Faruq" failures="0" tests="1" name="com.facebook_interface.ManageWindow" time="2.655" errors="0" timestamp="2023-03-25T14:00:29 EDT" skipped="0">
  <testcase classname="com.facebook_interface.ManageWindow" name="getTitleTest" time="2.655"/>
  <system-out/>
</testsuite> <!-- com.facebook_interface.ManageWindow -->
