<?xml version="1.0" encoding="UTF-8"?>
<!-- Generated by org.testng.reporters.JUnitReportReporter -->
<testsuite hostname="Faruq" failures="0" tests="2" name="com.facebook_login.LoginTest" time="5.992" errors="0" timestamp="2023-03-19T15:47:48 EDT" skipped="0">
  <testcase classname="com.facebook_login.LoginTest" name="invalidLoginTest" time="3.519"/>
  <system-out/>
  <testcase classname="com.facebook_login.LoginTest" name="validLoginTest" time="2.473"/>
  <system-out/>
</testsuite> <!-- com.facebook_login.LoginTest -->
