<?xml version="1.0" encoding="UTF-8"?>
<!-- Generated by org.testng.reporters.JUnitReportReporter -->
<testsuite hostname="Faruq" failures="0" tests="2" name="com.facebook_login.LoginTest" time="6.129" errors="0" timestamp="2023-04-24T14:43:36 EDT" skipped="0">
  <testcase classname="com.facebook_login.LoginTest" name="validLoginTest" time="4.818"/>
  <system-out/>
  <testcase classname="com.facebook_login.LoginTest" name="invalidLoginTest" time="1.311"/>
  <system-out/>
</testsuite> <!-- com.facebook_login.LoginTest -->
