<?xml version="1.0" encoding="UTF-8"?>
<!-- Generated by org.testng.reporters.JUnitReportReporter -->
<testsuite hostname="Faruq" failures="0" tests="1" name="com.facebook_interface.GetUrl" time="2.237" errors="0" timestamp="2023-03-25T12:36:40 EDT" skipped="0">
  <testcase classname="com.facebook_interface.GetUrl" name="getUrlTest" time="2.237"/>
  <system-out/>
</testsuite> <!-- com.facebook_interface.GetUrl -->
